2025-10-03T21:45:22.453-07:00  INFO 11980 --- [olx-resale-app] [main] o.o.OlxResaleAppApplication              : Starting OlxResaleAppApplication using Java 17.0.15 with PID 11980 (C:\Users\JUNE\Desktop\olx\olx-resale-app\olx-resale-app\${project.build.directory}\classes started by JUNE in C:\Users\JUNE\Desktop\olx\olx-resale-app)
2025-10-03T21:45:22.453-07:00  INFO 11980 --- [olx-resale-app] [main] o.o.OlxResaleAppApplication              : No active profile set, falling back to 1 default profile: "default"
2025-10-03T21:45:28.833-07:00  INFO 11980 --- [olx-resale-app] [main] .s.d.r.c.RepositoryConfigurationDelegate : Bootstrapping Spring Data JPA repositories in DEFAULT mode.
2025-10-03T21:45:29.146-07:00  INFO 11980 --- [olx-resale-app] [main] .s.d.r.c.RepositoryConfigurationDelegate : Finished Spring Data repository scanning in 260 ms. Found 1 JPA repository interface.
2025-10-03T21:45:32.551-07:00  INFO 11980 --- [olx-resale-app] [main] o.s.b.w.embedded.tomcat.TomcatWebServer  : Tomcat initialized with port 8080 (http)
2025-10-03T21:45:32.613-07:00  INFO 11980 --- [olx-resale-app] [main] o.apache.catalina.core.StandardService   : Starting service [Tomcat]
2025-10-03T21:45:32.613-07:00  INFO 11980 --- [olx-resale-app] [main] o.apache.catalina.core.StandardEngine    : Starting Servlet engine: [Apache Tomcat/10.1.20]
2025-10-03T21:45:32.973-07:00  INFO 11980 --- [olx-resale-app] [main] o.a.c.c.C.[Tomcat].[localhost].[/]       : Initializing Spring embedded WebApplicationContext
2025-10-03T21:45:32.973-07:00  INFO 11980 --- [olx-resale-app] [main] w.s.c.ServletWebServerApplicationContext : Root WebApplicationContext: initialization completed in 10235 ms
2025-10-03T21:45:34.160-07:00  INFO 11980 --- [olx-resale-app] [main] o.hibernate.jpa.internal.util.LogHelper  : HHH000204: Processing PersistenceUnitInfo [name: default]
2025-10-03T21:45:34.691-07:00  INFO 11980 --- [olx-resale-app] [main] org.hibernate.Version                    : HHH000412: Hibernate ORM core version 6.4.4.Final
2025-10-03T21:45:35.288-07:00  INFO 11980 --- [olx-resale-app] [main] o.h.c.internal.RegionFactoryInitiator    : HHH000026: Second-level cache disabled
2025-10-03T21:45:37.490-07:00  INFO 11980 --- [olx-resale-app] [main] o.s.o.j.p.SpringPersistenceUnitInfo      : No LoadTimeWeaver setup: ignoring JPA class transformer
2025-10-03T21:45:37.881-07:00  INFO 11980 --- [olx-resale-app] [main] com.zaxxer.hikari.HikariDataSource       : HikariPool-1 - Starting...
2025-10-03T21:45:40.219-07:00  INFO 11980 --- [olx-resale-app] [main] com.zaxxer.hikari.pool.HikariPool        : HikariPool-1 - Added connection com.mysql.cj.jdbc.ConnectionImpl@222d9d4f
2025-10-03T21:45:40.234-07:00  INFO 11980 --- [olx-resale-app] [main] com.zaxxer.hikari.HikariDataSource       : HikariPool-1 - Start completed.
2025-10-03T21:45:47.876-07:00  INFO 11980 --- [olx-resale-app] [main] o.h.e.t.j.p.i.JtaPlatformInitiator       : HHH000489: No JTA platform available (set 'hibernate.transaction.jta.platform' to enable JTA platform integration)
2025-10-03T21:45:48.189-07:00  INFO 11980 --- [olx-resale-app] [main] j.LocalContainerEntityManagerFactoryBean : Initialized JPA EntityManagerFactory for persistence unit 'default'
2025-10-03T21:45:53.284-07:00  WARN 11980 --- [olx-resale-app] [main] JpaBaseConfiguration$JpaWebConfiguration : spring.jpa.open-in-view is enabled by default. Therefore, database queries may be performed during view rendering. Explicitly configure spring.jpa.open-in-view to disable this warning
2025-10-03T21:45:59.814-07:00  INFO 11980 --- [olx-resale-app] [main] o.s.s.web.DefaultSecurityFilterChain     : Will secure any request with [org.springframework.security.web.session.DisableEncodeUrlFilter@7ab8f93, org.springframework.security.web.context.request.async.WebAsyncManagerIntegrationFilter@6037748a, org.springframework.security.web.context.SecurityContextHolderFilter@259ae1a9, org.springframework.security.web.header.HeaderWriterFilter@6109366a, org.springframework.web.filter.CorsFilter@4d87e7f3, org.springframework.security.web.authentication.logout.LogoutFilter@7ab8c972, org.springframework.security.web.savedrequest.RequestCacheAwareFilter@67201002, org.springframework.security.web.servletapi.SecurityContextHolderAwareRequestFilter@6ddc9001, org.springframework.security.web.authentication.AnonymousAuthenticationFilter@14c7ab73, org.springframework.security.web.access.ExceptionTranslationFilter@3f7d73e3, olx_resale_app.olx_resale_app.configuration.JwtAuthFilter@22942eff, org.springframework.security.web.access.intercept.AuthorizationFilter@24f8707c]
2025-10-03T21:46:02.782-07:00  INFO 11980 --- [olx-resale-app] [main] o.s.b.w.embedded.tomcat.TomcatWebServer  : Tomcat started on port 8080 (http) with context path ''
2025-10-03T21:46:02.813-07:00  INFO 11980 --- [olx-resale-app] [main] o.o.OlxResaleAppApplication              : Started OlxResaleAppApplication in 44.18 seconds (process running for 48.02)
2025-10-03T21:50:30.002-07:00  INFO 11980 --- [olx-resale-app] [http-nio-8080-exec-1] o.a.c.c.C.[Tomcat].[localhost].[/]       : Initializing Spring DispatcherServlet 'dispatcherServlet'
2025-10-03T21:50:30.002-07:00  INFO 11980 --- [olx-resale-app] [http-nio-8080-exec-1] o.s.web.servlet.DispatcherServlet        : Initializing Servlet 'dispatcherServlet'
2025-10-03T21:50:30.002-07:00  INFO 11980 --- [olx-resale-app] [http-nio-8080-exec-1] o.s.web.servlet.DispatcherServlet        : Completed initialization in 0 ms
2025-10-03T21:50:35.074-07:00  INFO 11980 --- [olx-resale-app] [http-nio-8080-exec-8] o.springdoc.api.AbstractOpenApiResource  : Init duration for springdoc-openapi is: 2830 ms
2025-10-03T22:06:02.535-07:00  INFO 11980 --- [olx-resale-app] [SpringApplicationShutdownHook] j.LocalContainerEntityManagerFactoryBean : Closing JPA EntityManagerFactory for persistence unit 'default'
2025-10-03T22:06:02.552-07:00  INFO 11980 --- [olx-resale-app] [SpringApplicationShutdownHook] com.zaxxer.hikari.HikariDataSource       : HikariPool-1 - Shutdown initiated...
2025-10-03T22:06:02.589-07:00  INFO 11980 --- [olx-resale-app] [SpringApplicationShutdownHook] com.zaxxer.hikari.HikariDataSource       : HikariPool-1 - Shutdown completed.
2025-10-03T22:08:58.732-07:00  INFO 9888 --- [olx-resale-app] [main] o.o.OlxResaleAppApplication              : Starting OlxResaleAppApplication using Java 17.0.15 with PID 9888 (C:\Users\JUNE\Desktop\olx\olx-resale-app\olx-resale-app\${project.build.directory}\classes started by JUNE in C:\Users\JUNE\Desktop\olx\olx-resale-app)
2025-10-03T22:08:58.748-07:00  INFO 9888 --- [olx-resale-app] [main] o.o.OlxResaleAppApplication              : No active profile set, falling back to 1 default profile: "default"
2025-10-03T22:09:01.766-07:00  INFO 9888 --- [olx-resale-app] [main] .s.d.r.c.RepositoryConfigurationDelegate : Bootstrapping Spring Data JPA repositories in DEFAULT mode.
2025-10-03T22:09:01.996-07:00  INFO 9888 --- [olx-resale-app] [main] .s.d.r.c.RepositoryConfigurationDelegate : Finished Spring Data repository scanning in 166 ms. Found 1 JPA repository interface.
2025-10-03T22:09:07.291-07:00  INFO 9888 --- [olx-resale-app] [main] o.s.b.w.embedded.tomcat.TomcatWebServer  : Tomcat initialized with port 8080 (http)
2025-10-03T22:09:07.354-07:00  INFO 9888 --- [olx-resale-app] [main] o.apache.catalina.core.StandardService   : Starting service [Tomcat]
2025-10-03T22:09:07.354-07:00  INFO 9888 --- [olx-resale-app] [main] o.apache.catalina.core.StandardEngine    : Starting Servlet engine: [Apache Tomcat/10.1.20]
2025-10-03T22:09:07.808-07:00  INFO 9888 --- [olx-resale-app] [main] o.a.c.c.C.[Tomcat].[localhost].[/]       : Initializing Spring embedded WebApplicationContext
2025-10-03T22:09:07.808-07:00  INFO 9888 --- [olx-resale-app] [main] w.s.c.ServletWebServerApplicationContext : Root WebApplicationContext: initialization completed in 8944 ms
2025-10-03T22:09:08.480-07:00  INFO 9888 --- [olx-resale-app] [main] o.hibernate.jpa.internal.util.LogHelper  : HHH000204: Processing PersistenceUnitInfo [name: default]
2025-10-03T22:09:09.504-07:00  INFO 9888 --- [olx-resale-app] [main] org.hibernate.Version                    : HHH000412: Hibernate ORM core version 6.4.4.Final
2025-10-03T22:09:09.964-07:00  INFO 9888 --- [olx-resale-app] [main] o.h.c.internal.RegionFactoryInitiator    : HHH000026: Second-level cache disabled
2025-10-03T22:09:11.928-07:00  INFO 9888 --- [olx-resale-app] [main] o.s.o.j.p.SpringPersistenceUnitInfo      : No LoadTimeWeaver setup: ignoring JPA class transformer
2025-10-03T22:09:12.402-07:00  INFO 9888 --- [olx-resale-app] [main] com.zaxxer.hikari.HikariDataSource       : HikariPool-1 - Starting...
2025-10-03T22:09:16.416-07:00  INFO 9888 --- [olx-resale-app] [main] com.zaxxer.hikari.pool.HikariPool        : HikariPool-1 - Added connection com.mysql.cj.jdbc.ConnectionImpl@4571cebe
2025-10-03T22:09:16.432-07:00  INFO 9888 --- [olx-resale-app] [main] com.zaxxer.hikari.HikariDataSource       : HikariPool-1 - Start completed.
2025-10-03T22:09:23.776-07:00  INFO 9888 --- [olx-resale-app] [main] o.h.e.t.j.p.i.JtaPlatformInitiator       : HHH000489: No JTA platform available (set 'hibernate.transaction.jta.platform' to enable JTA platform integration)
2025-10-03T22:09:23.996-07:00  INFO 9888 --- [olx-resale-app] [main] j.LocalContainerEntityManagerFactoryBean : Initialized JPA EntityManagerFactory for persistence unit 'default'
2025-10-03T22:09:25.245-07:00  WARN 9888 --- [olx-resale-app] [main] JpaBaseConfiguration$JpaWebConfiguration : spring.jpa.open-in-view is enabled by default. Therefore, database queries may be performed during view rendering. Explicitly configure spring.jpa.open-in-view to disable this warning
2025-10-03T22:09:26.433-07:00  INFO 9888 --- [olx-resale-app] [main] o.s.s.web.DefaultSecurityFilterChain     : Will secure any request with [org.springframework.security.web.session.DisableEncodeUrlFilter@2898c70d, org.springframework.security.web.context.request.async.WebAsyncManagerIntegrationFilter@ec67be1, org.springframework.security.web.context.SecurityContextHolderFilter@2f403d0a, org.springframework.security.web.header.HeaderWriterFilter@430dbcb0, org.springframework.web.filter.CorsFilter@64a00fe0, org.springframework.security.web.authentication.logout.LogoutFilter@40dcbf7, org.springframework.security.web.savedrequest.RequestCacheAwareFilter@1bd5b1c8, org.springframework.security.web.servletapi.SecurityContextHolderAwareRequestFilter@569026df, org.springframework.security.web.authentication.AnonymousAuthenticationFilter@347f0950, org.springframework.security.web.access.ExceptionTranslationFilter@e1d2781, olx_resale_app.olx_resale_app.configuration.JwtAuthFilter@62ff3028, org.springframework.security.web.access.intercept.AuthorizationFilter@2b71a12e]
2025-10-03T22:09:27.199-07:00  INFO 9888 --- [olx-resale-app] [main] o.s.b.w.embedded.tomcat.TomcatWebServer  : Tomcat started on port 8080 (http) with context path ''
2025-10-03T22:09:27.230-07:00  INFO 9888 --- [olx-resale-app] [main] o.o.OlxResaleAppApplication              : Started OlxResaleAppApplication in 29.953 seconds (process running for 31.954)
2025-10-03T22:12:43.792-07:00  INFO 9888 --- [olx-resale-app] [http-nio-8080-exec-1] o.a.c.c.C.[Tomcat].[localhost].[/]       : Initializing Spring DispatcherServlet 'dispatcherServlet'
2025-10-03T22:12:43.792-07:00  INFO 9888 --- [olx-resale-app] [http-nio-8080-exec-1] o.s.web.servlet.DispatcherServlet        : Initializing Servlet 'dispatcherServlet'
2025-10-03T22:12:43.792-07:00  INFO 9888 --- [olx-resale-app] [http-nio-8080-exec-1] o.s.web.servlet.DispatcherServlet        : Completed initialization in 0 ms
2025-10-03T22:12:49.169-07:00  INFO 9888 --- [olx-resale-app] [http-nio-8080-exec-8] o.springdoc.api.AbstractOpenApiResource  : Init duration for springdoc-openapi is: 790 ms
2025-10-03T22:17:29.020-07:00  INFO 9888 --- [olx-resale-app] [SpringApplicationShutdownHook] j.LocalContainerEntityManagerFactoryBean : Closing JPA EntityManagerFactory for persistence unit 'default'
2025-10-03T22:17:29.025-07:00  INFO 9888 --- [olx-resale-app] [SpringApplicationShutdownHook] com.zaxxer.hikari.HikariDataSource       : HikariPool-1 - Shutdown initiated...
2025-10-03T22:17:29.050-07:00  INFO 9888 --- [olx-resale-app] [SpringApplicationShutdownHook] com.zaxxer.hikari.HikariDataSource       : HikariPool-1 - Shutdown completed.
2025-10-03T22:17:34.167-07:00  INFO 5876 --- [olx-resale-app] [main] o.o.OlxResaleAppApplication              : Starting OlxResaleAppApplication using Java 17.0.15 with PID 5876 (C:\Users\JUNE\Desktop\olx\olx-resale-app\olx-resale-app\${project.build.directory}\classes started by JUNE in C:\Users\JUNE\Desktop\olx\olx-resale-app)
2025-10-03T22:17:34.172-07:00  INFO 5876 --- [olx-resale-app] [main] o.o.OlxResaleAppApplication              : No active profile set, falling back to 1 default profile: "default"
2025-10-03T22:17:37.068-07:00  INFO 5876 --- [olx-resale-app] [main] .s.d.r.c.RepositoryConfigurationDelegate : Bootstrapping Spring Data JPA repositories in DEFAULT mode.
2025-10-03T22:17:37.209-07:00  INFO 5876 --- [olx-resale-app] [main] .s.d.r.c.RepositoryConfigurationDelegate : Finished Spring Data repository scanning in 124 ms. Found 1 JPA repository interface.
2025-10-03T22:17:38.865-07:00  INFO 5876 --- [olx-resale-app] [main] o.s.b.w.embedded.tomcat.TomcatWebServer  : Tomcat initialized with port 8080 (http)
2025-10-03T22:17:38.892-07:00  INFO 5876 --- [olx-resale-app] [main] o.apache.catalina.core.StandardService   : Starting service [Tomcat]
2025-10-03T22:17:38.893-07:00  INFO 5876 --- [olx-resale-app] [main] o.apache.catalina.core.StandardEngine    : Starting Servlet engine: [Apache Tomcat/10.1.20]
2025-10-03T22:17:39.118-07:00  INFO 5876 --- [olx-resale-app] [main] o.a.c.c.C.[Tomcat].[localhost].[/]       : Initializing Spring embedded WebApplicationContext
2025-10-03T22:17:39.119-07:00  INFO 5876 --- [olx-resale-app] [main] w.s.c.ServletWebServerApplicationContext : Root WebApplicationContext: initialization completed in 4797 ms
2025-10-03T22:17:39.583-07:00  INFO 5876 --- [olx-resale-app] [main] o.hibernate.jpa.internal.util.LogHelper  : HHH000204: Processing PersistenceUnitInfo [name: default]
2025-10-03T22:17:39.722-07:00  INFO 5876 --- [olx-resale-app] [main] org.hibernate.Version                    : HHH000412: Hibernate ORM core version 6.4.4.Final
2025-10-03T22:17:39.843-07:00  INFO 5876 --- [olx-resale-app] [main] o.h.c.internal.RegionFactoryInitiator    : HHH000026: Second-level cache disabled
2025-10-03T22:17:40.439-07:00  INFO 5876 --- [olx-resale-app] [main] o.s.o.j.p.SpringPersistenceUnitInfo      : No LoadTimeWeaver setup: ignoring JPA class transformer
2025-10-03T22:17:40.504-07:00  INFO 5876 --- [olx-resale-app] [main] com.zaxxer.hikari.HikariDataSource       : HikariPool-1 - Starting...
2025-10-03T22:17:41.191-07:00  INFO 5876 --- [olx-resale-app] [main] com.zaxxer.hikari.pool.HikariPool        : HikariPool-1 - Added connection com.mysql.cj.jdbc.ConnectionImpl@324e8baa
2025-10-03T22:17:41.196-07:00  INFO 5876 --- [olx-resale-app] [main] com.zaxxer.hikari.HikariDataSource       : HikariPool-1 - Start completed.
2025-10-03T22:17:43.546-07:00  INFO 5876 --- [olx-resale-app] [main] o.h.e.t.j.p.i.JtaPlatformInitiator       : HHH000489: No JTA platform available (set 'hibernate.transaction.jta.platform' to enable JTA platform integration)
2025-10-03T22:17:43.645-07:00  INFO 5876 --- [olx-resale-app] [main] j.LocalContainerEntityManagerFactoryBean : Initialized JPA EntityManagerFactory for persistence unit 'default'
2025-10-03T22:17:44.624-07:00  WARN 5876 --- [olx-resale-app] [main] JpaBaseConfiguration$JpaWebConfiguration : spring.jpa.open-in-view is enabled by default. Therefore, database queries may be performed during view rendering. Explicitly configure spring.jpa.open-in-view to disable this warning
2025-10-03T22:17:45.582-07:00  INFO 5876 --- [olx-resale-app] [main] o.s.s.web.DefaultSecurityFilterChain     : Will secure any request with [org.springframework.security.web.session.DisableEncodeUrlFilter@2fb40e49, org.springframework.security.web.context.request.async.WebAsyncManagerIntegrationFilter@e98004e, org.springframework.security.web.context.SecurityContextHolderFilter@6ba516ff, org.springframework.security.web.header.HeaderWriterFilter@5a8149f6, org.springframework.web.filter.CorsFilter@368e7d3a, org.springframework.security.web.authentication.logout.LogoutFilter@60660d21, org.springframework.security.web.savedrequest.RequestCacheAwareFilter@769c80d1, org.springframework.security.web.servletapi.SecurityContextHolderAwareRequestFilter@3f0c2eff, org.springframework.security.web.authentication.AnonymousAuthenticationFilter@381f05a9, org.springframework.security.web.access.ExceptionTranslationFilter@614d01b, olx_resale_app.olx_resale_app.configuration.JwtAuthFilter@721fc228, org.springframework.security.web.access.intercept.AuthorizationFilter@507e3e77]
2025-10-03T22:17:46.139-07:00  INFO 5876 --- [olx-resale-app] [main] o.s.b.w.embedded.tomcat.TomcatWebServer  : Tomcat started on port 8080 (http) with context path ''
2025-10-03T22:17:46.161-07:00  INFO 5876 --- [olx-resale-app] [main] o.o.OlxResaleAppApplication              : Started OlxResaleAppApplication in 12.961 seconds (process running for 13.831)
2025-10-03T22:18:51.941-07:00  INFO 5876 --- [olx-resale-app] [http-nio-8080-exec-1] o.a.c.c.C.[Tomcat].[localhost].[/]       : Initializing Spring DispatcherServlet 'dispatcherServlet'
2025-10-03T22:18:51.942-07:00  INFO 5876 --- [olx-resale-app] [http-nio-8080-exec-1] o.s.web.servlet.DispatcherServlet        : Initializing Servlet 'dispatcherServlet'
2025-10-03T22:18:51.944-07:00  INFO 5876 --- [olx-resale-app] [http-nio-8080-exec-1] o.s.web.servlet.DispatcherServlet        : Completed initialization in 2 ms
2025-10-03T22:18:53.783-07:00  INFO 5876 --- [olx-resale-app] [http-nio-8080-exec-9] o.springdoc.api.AbstractOpenApiResource  : Init duration for springdoc-openapi is: 873 ms
2025-10-03T22:25:15.385-07:00  INFO 5876 --- [olx-resale-app] [SpringApplicationShutdownHook] j.LocalContainerEntityManagerFactoryBean : Closing JPA EntityManagerFactory for persistence unit 'default'
2025-10-03T22:25:15.390-07:00  INFO 5876 --- [olx-resale-app] [SpringApplicationShutdownHook] com.zaxxer.hikari.HikariDataSource       : HikariPool-1 - Shutdown initiated...
2025-10-03T22:25:15.410-07:00  INFO 5876 --- [olx-resale-app] [SpringApplicationShutdownHook] com.zaxxer.hikari.HikariDataSource       : HikariPool-1 - Shutdown completed.
2025-10-03T22:25:23.583-07:00  INFO 14296 --- [olx-resale-app] [main] o.o.OlxResaleAppApplication              : Starting OlxResaleAppApplication using Java 17.0.15 with PID 14296 (C:\Users\JUNE\Desktop\olx\olx-resale-app\olx-resale-app\${project.build.directory}\classes started by JUNE in C:\Users\JUNE\Desktop\olx\olx-resale-app)
2025-10-03T22:25:23.588-07:00  INFO 14296 --- [olx-resale-app] [main] o.o.OlxResaleAppApplication              : No active profile set, falling back to 1 default profile: "default"
2025-10-03T22:25:26.346-07:00  INFO 14296 --- [olx-resale-app] [main] .s.d.r.c.RepositoryConfigurationDelegate : Bootstrapping Spring Data JPA repositories in DEFAULT mode.
2025-10-03T22:25:26.529-07:00  INFO 14296 --- [olx-resale-app] [main] .s.d.r.c.RepositoryConfigurationDelegate : Finished Spring Data repository scanning in 164 ms. Found 1 JPA repository interface.
2025-10-03T22:25:28.114-07:00  INFO 14296 --- [olx-resale-app] [main] o.s.b.w.embedded.tomcat.TomcatWebServer  : Tomcat initialized with port 8080 (http)
2025-10-03T22:25:28.140-07:00  INFO 14296 --- [olx-resale-app] [main] o.apache.catalina.core.StandardService   : Starting service [Tomcat]
2025-10-03T22:25:28.141-07:00  INFO 14296 --- [olx-resale-app] [main] o.apache.catalina.core.StandardEngine    : Starting Servlet engine: [Apache Tomcat/10.1.20]
2025-10-03T22:25:28.313-07:00  INFO 14296 --- [olx-resale-app] [main] o.a.c.c.C.[Tomcat].[localhost].[/]       : Initializing Spring embedded WebApplicationContext
2025-10-03T22:25:28.314-07:00  INFO 14296 --- [olx-resale-app] [main] w.s.c.ServletWebServerApplicationContext : Root WebApplicationContext: initialization completed in 4484 ms
2025-10-03T22:25:28.700-07:00  INFO 14296 --- [olx-resale-app] [main] o.hibernate.jpa.internal.util.LogHelper  : HHH000204: Processing PersistenceUnitInfo [name: default]
2025-10-03T22:25:30.807-07:00  INFO 14296 --- [olx-resale-app] [main] org.hibernate.Version                    : HHH000412: Hibernate ORM core version 6.4.4.Final
2025-10-03T22:25:30.917-07:00  INFO 14296 --- [olx-resale-app] [main] o.h.c.internal.RegionFactoryInitiator    : HHH000026: Second-level cache disabled
2025-10-03T22:25:31.581-07:00  INFO 14296 --- [olx-resale-app] [main] o.s.o.j.p.SpringPersistenceUnitInfo      : No LoadTimeWeaver setup: ignoring JPA class transformer
2025-10-03T22:25:31.636-07:00  INFO 14296 --- [olx-resale-app] [main] com.zaxxer.hikari.HikariDataSource       : HikariPool-1 - Starting...
2025-10-03T22:25:32.487-07:00  INFO 14296 --- [olx-resale-app] [main] com.zaxxer.hikari.pool.HikariPool        : HikariPool-1 - Added connection com.mysql.cj.jdbc.ConnectionImpl@6d3ad37a
2025-10-03T22:25:32.491-07:00  INFO 14296 --- [olx-resale-app] [main] com.zaxxer.hikari.HikariDataSource       : HikariPool-1 - Start completed.
2025-10-03T22:25:35.188-07:00  INFO 14296 --- [olx-resale-app] [main] o.h.e.t.j.p.i.JtaPlatformInitiator       : HHH000489: No JTA platform available (set 'hibernate.transaction.jta.platform' to enable JTA platform integration)
2025-10-03T22:25:35.294-07:00  INFO 14296 --- [olx-resale-app] [main] j.LocalContainerEntityManagerFactoryBean : Initialized JPA EntityManagerFactory for persistence unit 'default'
2025-10-03T22:25:36.360-07:00  WARN 14296 --- [olx-resale-app] [main] JpaBaseConfiguration$JpaWebConfiguration : spring.jpa.open-in-view is enabled by default. Therefore, database queries may be performed during view rendering. Explicitly configure spring.jpa.open-in-view to disable this warning
2025-10-03T22:25:39.315-07:00  INFO 14296 --- [olx-resale-app] [main] o.s.s.web.DefaultSecurityFilterChain     : Will secure any request with [org.springframework.security.web.session.DisableEncodeUrlFilter@1509bd56, org.springframework.security.web.context.request.async.WebAsyncManagerIntegrationFilter@2c4eda3a, org.springframework.security.web.context.SecurityContextHolderFilter@5a183fa6, org.springframework.security.web.header.HeaderWriterFilter@c680819, org.springframework.web.filter.CorsFilter@466bf366, org.springframework.security.web.authentication.logout.LogoutFilter@1db7c267, org.springframework.security.web.savedrequest.RequestCacheAwareFilter@292b7a02, org.springframework.security.web.servletapi.SecurityContextHolderAwareRequestFilter@3e242137, org.springframework.security.web.authentication.AnonymousAuthenticationFilter@28be7db5, org.springframework.security.web.access.ExceptionTranslationFilter@7cddc50f, olx_resale_app.olx_resale_app.configuration.JwtAuthFilter@3891db3a, org.springframework.security.web.access.intercept.AuthorizationFilter@3c20abd6]
2025-10-03T22:25:39.940-07:00  INFO 14296 --- [olx-resale-app] [main] o.s.b.w.embedded.tomcat.TomcatWebServer  : Tomcat started on port 8080 (http) with context path ''
2025-10-03T22:25:39.960-07:00  INFO 14296 --- [olx-resale-app] [main] o.o.OlxResaleAppApplication              : Started OlxResaleAppApplication in 17.333 seconds (process running for 18.211)
2025-10-03T22:26:01.160-07:00  INFO 14296 --- [olx-resale-app] [http-nio-8080-exec-1] o.a.c.c.C.[Tomcat].[localhost].[/]       : Initializing Spring DispatcherServlet 'dispatcherServlet'
2025-10-03T22:26:01.161-07:00  INFO 14296 --- [olx-resale-app] [http-nio-8080-exec-1] o.s.web.servlet.DispatcherServlet        : Initializing Servlet 'dispatcherServlet'
2025-10-03T22:26:01.163-07:00  INFO 14296 --- [olx-resale-app] [http-nio-8080-exec-1] o.s.web.servlet.DispatcherServlet        : Completed initialization in 2 ms
2025-10-03T22:26:02.636-07:00  INFO 14296 --- [olx-resale-app] [http-nio-8080-exec-10] o.springdoc.api.AbstractOpenApiResource  : Init duration for springdoc-openapi is: 722 ms
2025-10-03T22:34:47.076-07:00  INFO 14296 --- [olx-resale-app] [SpringApplicationShutdownHook] j.LocalContainerEntityManagerFactoryBean : Closing JPA EntityManagerFactory for persistence unit 'default'
2025-10-03T22:34:47.081-07:00  INFO 14296 --- [olx-resale-app] [SpringApplicationShutdownHook] com.zaxxer.hikari.HikariDataSource       : HikariPool-1 - Shutdown initiated...
2025-10-03T22:34:47.112-07:00  INFO 14296 --- [olx-resale-app] [SpringApplicationShutdownHook] com.zaxxer.hikari.HikariDataSource       : HikariPool-1 - Shutdown completed.
2025-10-03T22:36:19.501-07:00  INFO 14316 --- [olx-resale-app] [main] c.o.OlxResaleAppApplication              : Starting OlxResaleAppApplication using Java 17.0.15 with PID 14316 (C:\Users\JUNE\Desktop\olx\olx-resale-app\olx-resale-app\${project.build.directory}\classes started by JUNE in C:\Users\JUNE\Desktop\olx\olx-resale-app)
2025-10-03T22:36:19.505-07:00 DEBUG 14316 --- [olx-resale-app] [main] c.o.OlxResaleAppApplication              : Running with Spring Boot v3.2.5, Spring v6.1.6
2025-10-03T22:36:19.506-07:00  INFO 14316 --- [olx-resale-app] [main] c.o.OlxResaleAppApplication              : No active profile set, falling back to 1 default profile: "default"
2025-10-03T22:36:21.807-07:00  INFO 14316 --- [olx-resale-app] [main] .s.d.r.c.RepositoryConfigurationDelegate : Bootstrapping Spring Data JPA repositories in DEFAULT mode.
2025-10-03T22:36:21.944-07:00  INFO 14316 --- [olx-resale-app] [main] .s.d.r.c.RepositoryConfigurationDelegate : Finished Spring Data repository scanning in 118 ms. Found 1 JPA repository interface.
2025-10-03T22:36:23.439-07:00  INFO 14316 --- [olx-resale-app] [main] o.s.b.w.embedded.tomcat.TomcatWebServer  : Tomcat initialized with port 8081 (http)
2025-10-03T22:36:23.465-07:00  INFO 14316 --- [olx-resale-app] [main] o.apache.catalina.core.StandardService   : Starting service [Tomcat]
2025-10-03T22:36:23.466-07:00  INFO 14316 --- [olx-resale-app] [main] o.apache.catalina.core.StandardEngine    : Starting Servlet engine: [Apache Tomcat/10.1.20]
2025-10-03T22:36:23.623-07:00  INFO 14316 --- [olx-resale-app] [main] o.a.c.c.C.[Tomcat].[localhost].[/]       : Initializing Spring embedded WebApplicationContext
2025-10-03T22:36:23.624-07:00  INFO 14316 --- [olx-resale-app] [main] w.s.c.ServletWebServerApplicationContext : Root WebApplicationContext: initialization completed in 3950 ms
2025-10-03T22:36:24.043-07:00  INFO 14316 --- [olx-resale-app] [main] o.hibernate.jpa.internal.util.LogHelper  : HHH000204: Processing PersistenceUnitInfo [name: default]
2025-10-03T22:36:24.190-07:00  INFO 14316 --- [olx-resale-app] [main] org.hibernate.Version                    : HHH000412: Hibernate ORM core version 6.4.4.Final
2025-10-03T22:36:24.302-07:00  INFO 14316 --- [olx-resale-app] [main] o.h.c.internal.RegionFactoryInitiator    : HHH000026: Second-level cache disabled
2025-10-03T22:36:24.873-07:00  INFO 14316 --- [olx-resale-app] [main] o.s.o.j.p.SpringPersistenceUnitInfo      : No LoadTimeWeaver setup: ignoring JPA class transformer
2025-10-03T22:36:24.937-07:00  INFO 14316 --- [olx-resale-app] [main] com.zaxxer.hikari.HikariDataSource       : HikariPool-1 - Starting...
2025-10-03T22:36:25.539-07:00  INFO 14316 --- [olx-resale-app] [main] com.zaxxer.hikari.pool.HikariPool        : HikariPool-1 - Added connection com.mysql.cj.jdbc.ConnectionImpl@3fc1abf
2025-10-03T22:36:25.543-07:00  INFO 14316 --- [olx-resale-app] [main] com.zaxxer.hikari.HikariDataSource       : HikariPool-1 - Start completed.
2025-10-03T22:36:27.519-07:00  INFO 14316 --- [olx-resale-app] [main] o.h.e.t.j.p.i.JtaPlatformInitiator       : HHH000489: No JTA platform available (set 'hibernate.transaction.jta.platform' to enable JTA platform integration)
2025-10-03T22:36:27.608-07:00  INFO 14316 --- [olx-resale-app] [main] j.LocalContainerEntityManagerFactoryBean : Initialized JPA EntityManagerFactory for persistence unit 'default'
2025-10-03T22:36:28.372-07:00  WARN 14316 --- [olx-resale-app] [main] JpaBaseConfiguration$JpaWebConfiguration : spring.jpa.open-in-view is enabled by default. Therefore, database queries may be performed during view rendering. Explicitly configure spring.jpa.open-in-view to disable this warning
2025-10-03T22:36:28.687-07:00 DEBUG 14316 --- [olx-resale-app] [main] c.o.configuration.JwtAuthFilter          : Filter 'jwtAuthFilter' configured for use
2025-10-03T22:36:29.315-07:00  INFO 14316 --- [olx-resale-app] [main] o.s.s.web.DefaultSecurityFilterChain     : Will secure any request with [org.springframework.security.web.session.DisableEncodeUrlFilter@40dd2cfe, org.springframework.security.web.context.request.async.WebAsyncManagerIntegrationFilter@21cb5648, org.springframework.security.web.context.SecurityContextHolderFilter@48cebb78, org.springframework.security.web.header.HeaderWriterFilter@37f75ebf, org.springframework.web.filter.CorsFilter@69fa5536, org.springframework.security.web.authentication.logout.LogoutFilter@3a641f6, org.springframework.security.web.savedrequest.RequestCacheAwareFilter@4ad57db1, org.springframework.security.web.servletapi.SecurityContextHolderAwareRequestFilter@6e140753, org.springframework.security.web.authentication.AnonymousAuthenticationFilter@1ee5792a, org.springframework.security.web.access.ExceptionTranslationFilter@72e5206, com.olx_resale_app.configuration.JwtAuthFilter@67b2c8bb, org.springframework.security.web.access.intercept.AuthorizationFilter@335a45a8]
2025-10-03T22:36:29.868-07:00  INFO 14316 --- [olx-resale-app] [main] o.s.b.w.embedded.tomcat.TomcatWebServer  : Tomcat started on port 8081 (http) with context path ''
2025-10-03T22:36:29.888-07:00  INFO 14316 --- [olx-resale-app] [main] c.o.OlxResaleAppApplication              : Started OlxResaleAppApplication in 11.304 seconds (process running for 12.16)
2025-10-03T22:37:09.660-07:00  INFO 14316 --- [olx-resale-app] [http-nio-8081-exec-1] o.a.c.c.C.[Tomcat].[localhost].[/]       : Initializing Spring DispatcherServlet 'dispatcherServlet'
2025-10-03T22:37:09.661-07:00  INFO 14316 --- [olx-resale-app] [http-nio-8081-exec-1] o.s.web.servlet.DispatcherServlet        : Initializing Servlet 'dispatcherServlet'
2025-10-03T22:37:09.663-07:00  INFO 14316 --- [olx-resale-app] [http-nio-8081-exec-1] o.s.web.servlet.DispatcherServlet        : Completed initialization in 2 ms
2025-10-03T22:37:11.151-07:00  INFO 14316 --- [olx-resale-app] [http-nio-8081-exec-9] o.springdoc.api.AbstractOpenApiResource  : Init duration for springdoc-openapi is: 832 ms
2025-10-03T22:44:38.707-07:00  INFO 14316 --- [olx-resale-app] [SpringApplicationShutdownHook] j.LocalContainerEntityManagerFactoryBean : Closing JPA EntityManagerFactory for persistence unit 'default'
2025-10-03T22:44:38.712-07:00  INFO 14316 --- [olx-resale-app] [SpringApplicationShutdownHook] com.zaxxer.hikari.HikariDataSource       : HikariPool-1 - Shutdown initiated...
2025-10-03T22:44:38.735-07:00  INFO 14316 --- [olx-resale-app] [SpringApplicationShutdownHook] com.zaxxer.hikari.HikariDataSource       : HikariPool-1 - Shutdown completed.
2025-10-03T22:44:46.954-07:00  INFO 12648 --- [olx-resale-app] [main] c.o.OlxResaleAppApplication              : Starting OlxResaleAppApplication using Java 17.0.15 with PID 12648 (C:\Users\JUNE\Desktop\olx\olx-resale-app\olx-resale-app\${project.build.directory}\classes started by JUNE in C:\Users\JUNE\Desktop\olx\olx-resale-app)
2025-10-03T22:44:46.958-07:00 DEBUG 12648 --- [olx-resale-app] [main] c.o.OlxResaleAppApplication              : Running with Spring Boot v3.2.5, Spring v6.1.6
2025-10-03T22:44:46.960-07:00  INFO 12648 --- [olx-resale-app] [main] c.o.OlxResaleAppApplication              : No active profile set, falling back to 1 default profile: "default"
2025-10-03T22:44:49.896-07:00  INFO 12648 --- [olx-resale-app] [main] .s.d.r.c.RepositoryConfigurationDelegate : Bootstrapping Spring Data JPA repositories in DEFAULT mode.
2025-10-03T22:44:50.028-07:00  INFO 12648 --- [olx-resale-app] [main] .s.d.r.c.RepositoryConfigurationDelegate : Finished Spring Data repository scanning in 112 ms. Found 1 JPA repository interface.
2025-10-03T22:44:51.493-07:00  INFO 12648 --- [olx-resale-app] [main] o.s.b.w.embedded.tomcat.TomcatWebServer  : Tomcat initialized with port 8081 (http)
2025-10-03T22:44:51.519-07:00  INFO 12648 --- [olx-resale-app] [main] o.apache.catalina.core.StandardService   : Starting service [Tomcat]
2025-10-03T22:44:51.519-07:00  INFO 12648 --- [olx-resale-app] [main] o.apache.catalina.core.StandardEngine    : Starting Servlet engine: [Apache Tomcat/10.1.20]
2025-10-03T22:44:51.677-07:00  INFO 12648 --- [olx-resale-app] [main] o.a.c.c.C.[Tomcat].[localhost].[/]       : Initializing Spring embedded WebApplicationContext
2025-10-03T22:44:51.678-07:00  INFO 12648 --- [olx-resale-app] [main] w.s.c.ServletWebServerApplicationContext : Root WebApplicationContext: initialization completed in 4521 ms
2025-10-03T22:44:52.082-07:00  INFO 12648 --- [olx-resale-app] [main] o.hibernate.jpa.internal.util.LogHelper  : HHH000204: Processing PersistenceUnitInfo [name: default]
2025-10-03T22:44:52.227-07:00  INFO 12648 --- [olx-resale-app] [main] org.hibernate.Version                    : HHH000412: Hibernate ORM core version 6.4.4.Final
2025-10-03T22:44:52.328-07:00  INFO 12648 --- [olx-resale-app] [main] o.h.c.internal.RegionFactoryInitiator    : HHH000026: Second-level cache disabled
2025-10-03T22:44:52.816-07:00  INFO 12648 --- [olx-resale-app] [main] o.s.o.j.p.SpringPersistenceUnitInfo      : No LoadTimeWeaver setup: ignoring JPA class transformer
2025-10-03T22:44:53.337-07:00  INFO 12648 --- [olx-resale-app] [main] com.zaxxer.hikari.HikariDataSource       : HikariPool-1 - Starting...
2025-10-03T22:44:54.040-07:00  INFO 12648 --- [olx-resale-app] [main] com.zaxxer.hikari.pool.HikariPool        : HikariPool-1 - Added connection com.mysql.cj.jdbc.ConnectionImpl@120411ec
2025-10-03T22:44:54.044-07:00  INFO 12648 --- [olx-resale-app] [main] com.zaxxer.hikari.HikariDataSource       : HikariPool-1 - Start completed.
2025-10-03T22:44:55.921-07:00  INFO 12648 --- [olx-resale-app] [main] o.h.e.t.j.p.i.JtaPlatformInitiator       : HHH000489: No JTA platform available (set 'hibernate.transaction.jta.platform' to enable JTA platform integration)
2025-10-03T22:44:56.012-07:00  INFO 12648 --- [olx-resale-app] [main] j.LocalContainerEntityManagerFactoryBean : Initialized JPA EntityManagerFactory for persistence unit 'default'
2025-10-03T22:44:56.772-07:00  WARN 12648 --- [olx-resale-app] [main] JpaBaseConfiguration$JpaWebConfiguration : spring.jpa.open-in-view is enabled by default. Therefore, database queries may be performed during view rendering. Explicitly configure spring.jpa.open-in-view to disable this warning
2025-10-03T22:44:57.087-07:00 DEBUG 12648 --- [olx-resale-app] [main] c.o.configuration.JwtAuthFilter          : Filter 'jwtAuthFilter' configured for use
2025-10-03T22:44:57.758-07:00  INFO 12648 --- [olx-resale-app] [main] o.s.s.web.DefaultSecurityFilterChain     : Will secure any request with [org.springframework.security.web.session.DisableEncodeUrlFilter@37f60cd4, org.springframework.security.web.context.request.async.WebAsyncManagerIntegrationFilter@4cf46574, org.springframework.security.web.context.SecurityContextHolderFilter@53bc6492, org.springframework.security.web.header.HeaderWriterFilter@45c10678, org.springframework.web.filter.CorsFilter@779cda39, org.springframework.security.web.authentication.logout.LogoutFilter@13f255ed, org.springframework.security.web.savedrequest.RequestCacheAwareFilter@7fda84cf, org.springframework.security.web.servletapi.SecurityContextHolderAwareRequestFilter@313a3af8, org.springframework.security.web.authentication.AnonymousAuthenticationFilter@4205d1c9, org.springframework.security.web.access.ExceptionTranslationFilter@23d0f6be, com.olx_resale_app.configuration.JwtAuthFilter@24bc06dd, org.springframework.security.web.access.intercept.AuthorizationFilter@21cb5648]
2025-10-03T22:44:58.396-07:00  INFO 12648 --- [olx-resale-app] [main] o.s.b.w.embedded.tomcat.TomcatWebServer  : Tomcat started on port 8081 (http) with context path ''
2025-10-03T22:44:58.417-07:00  INFO 12648 --- [olx-resale-app] [main] c.o.OlxResaleAppApplication              : Started OlxResaleAppApplication in 12.472 seconds (process running for 13.356)
2025-10-03T22:46:05.953-07:00  INFO 12648 --- [olx-resale-app] [SpringApplicationShutdownHook] j.LocalContainerEntityManagerFactoryBean : Closing JPA EntityManagerFactory for persistence unit 'default'
2025-10-03T22:46:05.957-07:00  INFO 12648 --- [olx-resale-app] [SpringApplicationShutdownHook] com.zaxxer.hikari.HikariDataSource       : HikariPool-1 - Shutdown initiated...
2025-10-03T22:46:05.976-07:00  INFO 12648 --- [olx-resale-app] [SpringApplicationShutdownHook] com.zaxxer.hikari.HikariDataSource       : HikariPool-1 - Shutdown completed.
2025-10-03T22:46:09.863-07:00  INFO 13476 --- [olx-resale-app] [main] c.o.OlxResaleAppApplication              : Starting OlxResaleAppApplication using Java 17.0.15 with PID 13476 (C:\Users\JUNE\Desktop\olx\olx-resale-app\olx-resale-app\${project.build.directory}\classes started by JUNE in C:\Users\JUNE\Desktop\olx\olx-resale-app)
2025-10-03T22:46:09.867-07:00 DEBUG 13476 --- [olx-resale-app] [main] c.o.OlxResaleAppApplication              : Running with Spring Boot v3.2.5, Spring v6.1.6
2025-10-03T22:46:09.869-07:00  INFO 13476 --- [olx-resale-app] [main] c.o.OlxResaleAppApplication              : No active profile set, falling back to 1 default profile: "default"
2025-10-03T22:46:12.018-07:00  INFO 13476 --- [olx-resale-app] [main] .s.d.r.c.RepositoryConfigurationDelegate : Bootstrapping Spring Data JPA repositories in DEFAULT mode.
2025-10-03T22:46:12.166-07:00  INFO 13476 --- [olx-resale-app] [main] .s.d.r.c.RepositoryConfigurationDelegate : Finished Spring Data repository scanning in 129 ms. Found 1 JPA repository interface.
2025-10-03T22:46:13.621-07:00  INFO 13476 --- [olx-resale-app] [main] o.s.b.w.embedded.tomcat.TomcatWebServer  : Tomcat initialized with port 8081 (http)
2025-10-03T22:46:13.649-07:00  INFO 13476 --- [olx-resale-app] [main] o.apache.catalina.core.StandardService   : Starting service [Tomcat]
2025-10-03T22:46:13.650-07:00  INFO 13476 --- [olx-resale-app] [main] o.apache.catalina.core.StandardEngine    : Starting Servlet engine: [Apache Tomcat/10.1.20]
2025-10-03T22:46:13.807-07:00  INFO 13476 --- [olx-resale-app] [main] o.a.c.c.C.[Tomcat].[localhost].[/]       : Initializing Spring embedded WebApplicationContext
2025-10-03T22:46:13.808-07:00  INFO 13476 --- [olx-resale-app] [main] w.s.c.ServletWebServerApplicationContext : Root WebApplicationContext: initialization completed in 3783 ms
2025-10-03T22:46:14.287-07:00  INFO 13476 --- [olx-resale-app] [main] o.hibernate.jpa.internal.util.LogHelper  : HHH000204: Processing PersistenceUnitInfo [name: default]
2025-10-03T22:46:14.431-07:00  INFO 13476 --- [olx-resale-app] [main] org.hibernate.Version                    : HHH000412: Hibernate ORM core version 6.4.4.Final
2025-10-03T22:46:14.538-07:00  INFO 13476 --- [olx-resale-app] [main] o.h.c.internal.RegionFactoryInitiator    : HHH000026: Second-level cache disabled
2025-10-03T22:46:15.057-07:00  INFO 13476 --- [olx-resale-app] [main] o.s.o.j.p.SpringPersistenceUnitInfo      : No LoadTimeWeaver setup: ignoring JPA class transformer
2025-10-03T22:46:15.107-07:00  INFO 13476 --- [olx-resale-app] [main] com.zaxxer.hikari.HikariDataSource       : HikariPool-1 - Starting...
2025-10-03T22:46:15.641-07:00  INFO 13476 --- [olx-resale-app] [main] com.zaxxer.hikari.pool.HikariPool        : HikariPool-1 - Added connection com.mysql.cj.jdbc.ConnectionImpl@f810c18
2025-10-03T22:46:15.645-07:00  INFO 13476 --- [olx-resale-app] [main] com.zaxxer.hikari.HikariDataSource       : HikariPool-1 - Start completed.
2025-10-03T22:46:17.557-07:00  INFO 13476 --- [olx-resale-app] [main] o.h.e.t.j.p.i.JtaPlatformInitiator       : HHH000489: No JTA platform available (set 'hibernate.transaction.jta.platform' to enable JTA platform integration)
2025-10-03T22:46:20.644-07:00  INFO 13476 --- [olx-resale-app] [main] j.LocalContainerEntityManagerFactoryBean : Initialized JPA EntityManagerFactory for persistence unit 'default'
2025-10-03T22:46:21.333-07:00  WARN 13476 --- [olx-resale-app] [main] JpaBaseConfiguration$JpaWebConfiguration : spring.jpa.open-in-view is enabled by default. Therefore, database queries may be performed during view rendering. Explicitly configure spring.jpa.open-in-view to disable this warning
2025-10-03T22:46:21.626-07:00 DEBUG 13476 --- [olx-resale-app] [main] c.o.configuration.JwtAuthFilter          : Filter 'jwtAuthFilter' configured for use
2025-10-03T22:46:22.192-07:00  INFO 13476 --- [olx-resale-app] [main] o.s.s.web.DefaultSecurityFilterChain     : Will secure any request with [org.springframework.security.web.session.DisableEncodeUrlFilter@31ecb361, org.springframework.security.web.context.request.async.WebAsyncManagerIntegrationFilter@3d84f113, org.springframework.security.web.context.SecurityContextHolderFilter@fdfd984, org.springframework.security.web.header.HeaderWriterFilter@5e528476, org.springframework.web.filter.CorsFilter@51d26fed, org.springframework.security.web.authentication.logout.LogoutFilter@3c070ade, org.springframework.security.web.savedrequest.RequestCacheAwareFilter@72e5206, org.springframework.security.web.servletapi.SecurityContextHolderAwareRequestFilter@4615bc00, org.springframework.security.web.authentication.AnonymousAuthenticationFilter@6779959d, org.springframework.security.web.access.ExceptionTranslationFilter@4117e0c9, com.olx_resale_app.configuration.JwtAuthFilter@175745fc, org.springframework.security.web.access.intercept.AuthorizationFilter@36a7586f]
2025-10-03T22:46:22.691-07:00  INFO 13476 --- [olx-resale-app] [main] o.s.b.w.embedded.tomcat.TomcatWebServer  : Tomcat started on port 8081 (http) with context path ''
2025-10-03T22:46:22.710-07:00  INFO 13476 --- [olx-resale-app] [main] c.o.OlxResaleAppApplication              : Started OlxResaleAppApplication in 13.775 seconds (process running for 14.62)
2025-10-03T22:46:34.919-07:00  INFO 13476 --- [olx-resale-app] [http-nio-8081-exec-1] o.a.c.c.C.[Tomcat].[localhost].[/]       : Initializing Spring DispatcherServlet 'dispatcherServlet'
2025-10-03T22:46:34.922-07:00  INFO 13476 --- [olx-resale-app] [http-nio-8081-exec-1] o.s.web.servlet.DispatcherServlet        : Initializing Servlet 'dispatcherServlet'
2025-10-03T22:46:34.928-07:00  INFO 13476 --- [olx-resale-app] [http-nio-8081-exec-1] o.s.web.servlet.DispatcherServlet        : Completed initialization in 4 ms
2025-10-03T22:46:36.343-07:00  INFO 13476 --- [olx-resale-app] [http-nio-8081-exec-8] o.springdoc.api.AbstractOpenApiResource  : Init duration for springdoc-openapi is: 727 ms
2025-10-03T22:53:25.100-07:00  INFO 13476 --- [olx-resale-app] [SpringApplicationShutdownHook] j.LocalContainerEntityManagerFactoryBean : Closing JPA EntityManagerFactory for persistence unit 'default'
2025-10-03T22:53:25.105-07:00  INFO 13476 --- [olx-resale-app] [SpringApplicationShutdownHook] com.zaxxer.hikari.HikariDataSource       : HikariPool-1 - Shutdown initiated...
2025-10-03T22:53:25.124-07:00  INFO 13476 --- [olx-resale-app] [SpringApplicationShutdownHook] com.zaxxer.hikari.HikariDataSource       : HikariPool-1 - Shutdown completed.
2025-10-03T22:53:40.647-07:00  INFO 1404 --- [olx-resale-app] [main] c.o.OlxResaleAppApplication              : Starting OlxResaleAppApplication using Java 17.0.15 with PID 1404 (C:\Users\JUNE\Desktop\olx\olx-resale-app\olx-resale-app\${project.build.directory}\classes started by JUNE in C:\Users\JUNE\Desktop\olx\olx-resale-app)
2025-10-03T22:53:40.655-07:00 DEBUG 1404 --- [olx-resale-app] [main] c.o.OlxResaleAppApplication              : Running with Spring Boot v3.2.5, Spring v6.1.6
2025-10-03T22:53:40.659-07:00  INFO 1404 --- [olx-resale-app] [main] c.o.OlxResaleAppApplication              : No active profile set, falling back to 1 default profile: "default"
2025-10-03T22:53:43.597-07:00  INFO 1404 --- [olx-resale-app] [main] .s.d.r.c.RepositoryConfigurationDelegate : Bootstrapping Spring Data JPA repositories in DEFAULT mode.
2025-10-03T22:53:43.789-07:00  INFO 1404 --- [olx-resale-app] [main] .s.d.r.c.RepositoryConfigurationDelegate : Finished Spring Data repository scanning in 170 ms. Found 1 JPA repository interface.
2025-10-03T22:53:45.601-07:00  INFO 1404 --- [olx-resale-app] [main] o.s.b.w.embedded.tomcat.TomcatWebServer  : Tomcat initialized with port 8081 (http)
2025-10-03T22:53:45.633-07:00  INFO 1404 --- [olx-resale-app] [main] o.apache.catalina.core.StandardService   : Starting service [Tomcat]
2025-10-03T22:53:45.634-07:00  INFO 1404 --- [olx-resale-app] [main] o.apache.catalina.core.StandardEngine    : Starting Servlet engine: [Apache Tomcat/10.1.20]
2025-10-03T22:53:45.836-07:00  INFO 1404 --- [olx-resale-app] [main] o.a.c.c.C.[Tomcat].[localhost].[/]       : Initializing Spring embedded WebApplicationContext
2025-10-03T22:53:45.839-07:00  INFO 1404 --- [olx-resale-app] [main] w.s.c.ServletWebServerApplicationContext : Root WebApplicationContext: initialization completed in 4990 ms
2025-10-03T22:53:46.378-07:00  INFO 1404 --- [olx-resale-app] [main] o.hibernate.jpa.internal.util.LogHelper  : HHH000204: Processing PersistenceUnitInfo [name: default]
2025-10-03T22:53:46.553-07:00  INFO 1404 --- [olx-resale-app] [main] org.hibernate.Version                    : HHH000412: Hibernate ORM core version 6.4.4.Final
2025-10-03T22:53:46.680-07:00  INFO 1404 --- [olx-resale-app] [main] o.h.c.internal.RegionFactoryInitiator    : HHH000026: Second-level cache disabled
2025-10-03T22:53:47.350-07:00  INFO 1404 --- [olx-resale-app] [main] o.s.o.j.p.SpringPersistenceUnitInfo      : No LoadTimeWeaver setup: ignoring JPA class transformer
2025-10-03T22:53:47.431-07:00  INFO 1404 --- [olx-resale-app] [main] com.zaxxer.hikari.HikariDataSource       : HikariPool-1 - Starting...
2025-10-03T22:53:48.268-07:00  INFO 1404 --- [olx-resale-app] [main] com.zaxxer.hikari.pool.HikariPool        : HikariPool-1 - Added connection com.mysql.cj.jdbc.ConnectionImpl@3b2db389
2025-10-03T22:53:48.274-07:00  INFO 1404 --- [olx-resale-app] [main] com.zaxxer.hikari.HikariDataSource       : HikariPool-1 - Start completed.
2025-10-03T22:53:50.759-07:00  INFO 1404 --- [olx-resale-app] [main] o.h.e.t.j.p.i.JtaPlatformInitiator       : HHH000489: No JTA platform available (set 'hibernate.transaction.jta.platform' to enable JTA platform integration)
2025-10-03T22:53:50.871-07:00  INFO 1404 --- [olx-resale-app] [main] j.LocalContainerEntityManagerFactoryBean : Initialized JPA EntityManagerFactory for persistence unit 'default'
2025-10-03T22:53:51.809-07:00  WARN 1404 --- [olx-resale-app] [main] JpaBaseConfiguration$JpaWebConfiguration : spring.jpa.open-in-view is enabled by default. Therefore, database queries may be performed during view rendering. Explicitly configure spring.jpa.open-in-view to disable this warning
2025-10-03T22:53:52.193-07:00 DEBUG 1404 --- [olx-resale-app] [main] c.o.configuration.JwtAuthFilter          : Filter 'jwtAuthFilter' configured for use
2025-10-03T22:53:52.939-07:00  INFO 1404 --- [olx-resale-app] [main] o.s.s.web.DefaultSecurityFilterChain     : Will secure any request with [org.springframework.security.web.session.DisableEncodeUrlFilter@6f45be42, org.springframework.security.web.context.request.async.WebAsyncManagerIntegrationFilter@5c7876e1, org.springframework.security.web.context.SecurityContextHolderFilter@1d5ec2ed, org.springframework.security.web.header.HeaderWriterFilter@1f50fe84, org.springframework.web.filter.CorsFilter@1d9016fe, org.springframework.security.web.authentication.logout.LogoutFilter@4ef7145f, org.springframework.security.web.savedrequest.RequestCacheAwareFilter@37596b44, org.springframework.security.web.servletapi.SecurityContextHolderAwareRequestFilter@29ec5005, org.springframework.security.web.authentication.AnonymousAuthenticationFilter@4f378d7e, org.springframework.security.web.access.ExceptionTranslationFilter@2a4a95c4, com.olx_resale_app.configuration.JwtAuthFilter@623be2a0, org.springframework.security.web.access.intercept.AuthorizationFilter@2552cb80]
2025-10-03T22:53:53.755-07:00  INFO 1404 --- [olx-resale-app] [main] o.s.b.w.embedded.tomcat.TomcatWebServer  : Tomcat started on port 8081 (http) with context path ''
2025-10-03T22:53:53.781-07:00  INFO 1404 --- [olx-resale-app] [main] c.o.OlxResaleAppApplication              : Started OlxResaleAppApplication in 14.483 seconds (process running for 19.539)
2025-10-03T22:54:08.637-07:00  INFO 1404 --- [olx-resale-app] [http-nio-8081-exec-1] o.a.c.c.C.[Tomcat].[localhost].[/]       : Initializing Spring DispatcherServlet 'dispatcherServlet'
2025-10-03T22:54:08.638-07:00  INFO 1404 --- [olx-resale-app] [http-nio-8081-exec-1] o.s.web.servlet.DispatcherServlet        : Initializing Servlet 'dispatcherServlet'
2025-10-03T22:54:08.641-07:00  INFO 1404 --- [olx-resale-app] [http-nio-8081-exec-1] o.s.web.servlet.DispatcherServlet        : Completed initialization in 2 ms
2025-10-03T22:54:10.425-07:00  INFO 1404 --- [olx-resale-app] [http-nio-8081-exec-9] o.springdoc.api.AbstractOpenApiResource  : Init duration for springdoc-openapi is: 921 ms
2025-10-03T22:56:03.781-07:00  INFO 1404 --- [olx-resale-app] [SpringApplicationShutdownHook] j.LocalContainerEntityManagerFactoryBean : Closing JPA EntityManagerFactory for persistence unit 'default'
2025-10-03T22:56:03.786-07:00  INFO 1404 --- [olx-resale-app] [SpringApplicationShutdownHook] com.zaxxer.hikari.HikariDataSource       : HikariPool-1 - Shutdown initiated...
2025-10-03T22:56:03.805-07:00  INFO 1404 --- [olx-resale-app] [SpringApplicationShutdownHook] com.zaxxer.hikari.HikariDataSource       : HikariPool-1 - Shutdown completed.
2025-10-03T22:56:08.623-07:00  INFO 12092 --- [olx-resale-app] [main] c.o.OlxResaleAppApplication              : Starting OlxResaleAppApplication using Java 17.0.15 with PID 12092 (C:\Users\JUNE\Desktop\olx\olx-resale-app\olx-resale-app\${project.build.directory}\classes started by JUNE in C:\Users\JUNE\Desktop\olx\olx-resale-app)
2025-10-03T22:56:08.630-07:00 DEBUG 12092 --- [olx-resale-app] [main] c.o.OlxResaleAppApplication              : Running with Spring Boot v3.2.5, Spring v6.1.6
2025-10-03T22:56:08.635-07:00  INFO 12092 --- [olx-resale-app] [main] c.o.OlxResaleAppApplication              : No active profile set, falling back to 1 default profile: "default"
2025-10-03T22:56:11.518-07:00  INFO 12092 --- [olx-resale-app] [main] .s.d.r.c.RepositoryConfigurationDelegate : Bootstrapping Spring Data JPA repositories in DEFAULT mode.
2025-10-03T22:56:11.710-07:00  INFO 12092 --- [olx-resale-app] [main] .s.d.r.c.RepositoryConfigurationDelegate : Finished Spring Data repository scanning in 158 ms. Found 1 JPA repository interface.
2025-10-03T22:56:13.638-07:00  INFO 12092 --- [olx-resale-app] [main] o.s.b.w.embedded.tomcat.TomcatWebServer  : Tomcat initialized with port 8081 (http)
2025-10-03T22:56:13.669-07:00  INFO 12092 --- [olx-resale-app] [main] o.apache.catalina.core.StandardService   : Starting service [Tomcat]
2025-10-03T22:56:13.670-07:00  INFO 12092 --- [olx-resale-app] [main] o.apache.catalina.core.StandardEngine    : Starting Servlet engine: [Apache Tomcat/10.1.20]
2025-10-03T22:56:13.896-07:00  INFO 12092 --- [olx-resale-app] [main] o.a.c.c.C.[Tomcat].[localhost].[/]       : Initializing Spring embedded WebApplicationContext
2025-10-03T22:56:13.897-07:00  INFO 12092 --- [olx-resale-app] [main] w.s.c.ServletWebServerApplicationContext : Root WebApplicationContext: initialization completed in 5091 ms
2025-10-03T22:56:14.397-07:00  INFO 12092 --- [olx-resale-app] [main] o.hibernate.jpa.internal.util.LogHelper  : HHH000204: Processing PersistenceUnitInfo [name: default]
2025-10-03T22:56:14.567-07:00  INFO 12092 --- [olx-resale-app] [main] org.hibernate.Version                    : HHH000412: Hibernate ORM core version 6.4.4.Final
2025-10-03T22:56:14.681-07:00  INFO 12092 --- [olx-resale-app] [main] o.h.c.internal.RegionFactoryInitiator    : HHH000026: Second-level cache disabled
2025-10-03T22:56:15.406-07:00  INFO 12092 --- [olx-resale-app] [main] o.s.o.j.p.SpringPersistenceUnitInfo      : No LoadTimeWeaver setup: ignoring JPA class transformer
2025-10-03T22:56:15.492-07:00  INFO 12092 --- [olx-resale-app] [main] com.zaxxer.hikari.HikariDataSource       : HikariPool-1 - Starting...
2025-10-03T22:56:16.429-07:00  INFO 12092 --- [olx-resale-app] [main] com.zaxxer.hikari.pool.HikariPool        : HikariPool-1 - Added connection com.mysql.cj.jdbc.ConnectionImpl@60e47aab
2025-10-03T22:56:16.434-07:00  INFO 12092 --- [olx-resale-app] [main] com.zaxxer.hikari.HikariDataSource       : HikariPool-1 - Start completed.
2025-10-03T22:56:18.945-07:00  INFO 12092 --- [olx-resale-app] [main] o.h.e.t.j.p.i.JtaPlatformInitiator       : HHH000489: No JTA platform available (set 'hibernate.transaction.jta.platform' to enable JTA platform integration)
2025-10-03T22:56:19.088-07:00  INFO 12092 --- [olx-resale-app] [main] j.LocalContainerEntityManagerFactoryBean : Initialized JPA EntityManagerFactory for persistence unit 'default'
2025-10-03T22:56:20.143-07:00  WARN 12092 --- [olx-resale-app] [main] JpaBaseConfiguration$JpaWebConfiguration : spring.jpa.open-in-view is enabled by default. Therefore, database queries may be performed during view rendering. Explicitly configure spring.jpa.open-in-view to disable this warning
2025-10-03T22:56:20.583-07:00 DEBUG 12092 --- [olx-resale-app] [main] c.o.configuration.JwtAuthFilter          : Filter 'jwtAuthFilter' configured for use
2025-10-03T22:56:21.460-07:00  INFO 12092 --- [olx-resale-app] [main] o.s.s.web.DefaultSecurityFilterChain     : Will secure any request with [org.springframework.security.web.session.DisableEncodeUrlFilter@2802caa2, org.springframework.security.web.context.request.async.WebAsyncManagerIntegrationFilter@6b9f5dcf, org.springframework.security.web.context.SecurityContextHolderFilter@513fb873, org.springframework.security.web.header.HeaderWriterFilter@4407f129, org.springframework.web.filter.CorsFilter@5ab7e997, org.springframework.security.web.authentication.logout.LogoutFilter@1ddf9fd, org.springframework.security.web.savedrequest.RequestCacheAwareFilter@71ae1cb, org.springframework.security.web.servletapi.SecurityContextHolderAwareRequestFilter@1f50fe84, org.springframework.security.web.authentication.AnonymousAuthenticationFilter@2552cb80, org.springframework.security.web.access.ExceptionTranslationFilter@1142843c, com.olx_resale_app.configuration.JwtAuthFilter@7fb8d720, org.springframework.security.web.access.intercept.AuthorizationFilter@39ff4421]
2025-10-03T22:56:22.153-07:00  INFO 12092 --- [olx-resale-app] [main] o.s.b.w.embedded.tomcat.TomcatWebServer  : Tomcat started on port 8081 (http) with context path ''
2025-10-03T22:56:22.176-07:00  INFO 12092 --- [olx-resale-app] [main] c.o.OlxResaleAppApplication              : Started OlxResaleAppApplication in 14.801 seconds (process running for 16.335)
2025-10-03T22:57:31.814-07:00  INFO 12092 --- [olx-resale-app] [SpringApplicationShutdownHook] j.LocalContainerEntityManagerFactoryBean : Closing JPA EntityManagerFactory for persistence unit 'default'
2025-10-03T22:57:31.819-07:00  INFO 12092 --- [olx-resale-app] [SpringApplicationShutdownHook] com.zaxxer.hikari.HikariDataSource       : HikariPool-1 - Shutdown initiated...
2025-10-03T22:57:31.840-07:00  INFO 12092 --- [olx-resale-app] [SpringApplicationShutdownHook] com.zaxxer.hikari.HikariDataSource       : HikariPool-1 - Shutdown completed.
2025-10-03T23:01:46.623-07:00  INFO 14372 --- [olx-resale-app] [main] c.o.OlxResaleAppApplication              : Starting OlxResaleAppApplication using Java 17.0.15 with PID 14372 (C:\Users\JUNE\Desktop\olx\olx-resale-app\olx-resale-app\${project.build.directory}\classes started by JUNE in C:\Users\JUNE\Desktop\olx\olx-resale-app)
2025-10-03T23:01:46.626-07:00 DEBUG 14372 --- [olx-resale-app] [main] c.o.OlxResaleAppApplication              : Running with Spring Boot v3.2.5, Spring v6.1.6
2025-10-03T23:01:46.628-07:00  INFO 14372 --- [olx-resale-app] [main] c.o.OlxResaleAppApplication              : No active profile set, falling back to 1 default profile: "default"
2025-10-03T23:01:48.881-07:00  INFO 14372 --- [olx-resale-app] [main] .s.d.r.c.RepositoryConfigurationDelegate : Bootstrapping Spring Data JPA repositories in DEFAULT mode.
2025-10-03T23:01:49.021-07:00  INFO 14372 --- [olx-resale-app] [main] .s.d.r.c.RepositoryConfigurationDelegate : Finished Spring Data repository scanning in 121 ms. Found 1 JPA repository interface.
2025-10-03T23:01:50.433-07:00  INFO 14372 --- [olx-resale-app] [main] o.s.b.w.embedded.tomcat.TomcatWebServer  : Tomcat initialized with port 8081 (http)
2025-10-03T23:01:50.461-07:00  INFO 14372 --- [olx-resale-app] [main] o.apache.catalina.core.StandardService   : Starting service [Tomcat]
2025-10-03T23:01:50.461-07:00  INFO 14372 --- [olx-resale-app] [main] o.apache.catalina.core.StandardEngine    : Starting Servlet engine: [Apache Tomcat/10.1.20]
2025-10-03T23:01:50.628-07:00  INFO 14372 --- [olx-resale-app] [main] o.a.c.c.C.[Tomcat].[localhost].[/]       : Initializing Spring embedded WebApplicationContext
2025-10-03T23:01:50.629-07:00  INFO 14372 --- [olx-resale-app] [main] w.s.c.ServletWebServerApplicationContext : Root WebApplicationContext: initialization completed in 3867 ms
2025-10-03T23:01:51.034-07:00  INFO 14372 --- [olx-resale-app] [main] o.hibernate.jpa.internal.util.LogHelper  : HHH000204: Processing PersistenceUnitInfo [name: default]
2025-10-03T23:01:51.171-07:00  INFO 14372 --- [olx-resale-app] [main] org.hibernate.Version                    : HHH000412: Hibernate ORM core version 6.4.4.Final
2025-10-03T23:01:51.263-07:00  INFO 14372 --- [olx-resale-app] [main] o.h.c.internal.RegionFactoryInitiator    : HHH000026: Second-level cache disabled
2025-10-03T23:01:51.857-07:00  INFO 14372 --- [olx-resale-app] [main] o.s.o.j.p.SpringPersistenceUnitInfo      : No LoadTimeWeaver setup: ignoring JPA class transformer
2025-10-03T23:01:51.939-07:00  INFO 14372 --- [olx-resale-app] [main] com.zaxxer.hikari.HikariDataSource       : HikariPool-1 - Starting...
2025-10-03T23:01:52.602-07:00  INFO 14372 --- [olx-resale-app] [main] com.zaxxer.hikari.pool.HikariPool        : HikariPool-1 - Added connection com.mysql.cj.jdbc.ConnectionImpl@59f3426f
2025-10-03T23:01:52.606-07:00  INFO 14372 --- [olx-resale-app] [main] com.zaxxer.hikari.HikariDataSource       : HikariPool-1 - Start completed.
2025-10-03T23:01:54.486-07:00  INFO 14372 --- [olx-resale-app] [main] o.h.e.t.j.p.i.JtaPlatformInitiator       : HHH000489: No JTA platform available (set 'hibernate.transaction.jta.platform' to enable JTA platform integration)
2025-10-03T23:01:57.184-07:00  INFO 14372 --- [olx-resale-app] [main] j.LocalContainerEntityManagerFactoryBean : Initialized JPA EntityManagerFactory for persistence unit 'default'
2025-10-03T23:01:58.011-07:00  WARN 14372 --- [olx-resale-app] [main] JpaBaseConfiguration$JpaWebConfiguration : spring.jpa.open-in-view is enabled by default. Therefore, database queries may be performed during view rendering. Explicitly configure spring.jpa.open-in-view to disable this warning
2025-10-03T23:01:58.347-07:00 DEBUG 14372 --- [olx-resale-app] [main] c.o.configuration.JwtAuthFilter          : Filter 'jwtAuthFilter' configured for use
2025-10-03T23:01:58.927-07:00  INFO 14372 --- [olx-resale-app] [main] o.s.s.web.DefaultSecurityFilterChain     : Will secure any request with [org.springframework.security.web.session.DisableEncodeUrlFilter@386d41cb, org.springframework.security.web.context.request.async.WebAsyncManagerIntegrationFilter@20bf7206, org.springframework.security.web.context.SecurityContextHolderFilter@4e773b8a, org.springframework.security.web.header.HeaderWriterFilter@23974cac, org.springframework.web.filter.CorsFilter@4cb939d5, org.springframework.security.web.authentication.logout.LogoutFilter@2e1003d9, org.springframework.security.web.savedrequest.RequestCacheAwareFilter@57eb2555, org.springframework.security.web.servletapi.SecurityContextHolderAwareRequestFilter@490f2fad, org.springframework.security.web.authentication.AnonymousAuthenticationFilter@30b0f674, org.springframework.security.web.access.ExceptionTranslationFilter@3d6c7152, com.olx_resale_app.configuration.JwtAuthFilter@7f65639e, org.springframework.security.web.access.intercept.AuthorizationFilter@643f8ebe]
2025-10-03T23:01:59.479-07:00  INFO 14372 --- [olx-resale-app] [main] o.s.b.w.embedded.tomcat.TomcatWebServer  : Tomcat started on port 8081 (http) with context path ''
2025-10-03T23:01:59.499-07:00  INFO 14372 --- [olx-resale-app] [main] c.o.OlxResaleAppApplication              : Started OlxResaleAppApplication in 13.774 seconds (process running for 14.677)
2025-10-03T23:02:18.409-07:00  INFO 14372 --- [olx-resale-app] [http-nio-8081-exec-1] o.a.c.c.C.[Tomcat].[localhost].[/]       : Initializing Spring DispatcherServlet 'dispatcherServlet'
2025-10-03T23:02:18.410-07:00  INFO 14372 --- [olx-resale-app] [http-nio-8081-exec-1] o.s.web.servlet.DispatcherServlet        : Initializing Servlet 'dispatcherServlet'
2025-10-03T23:02:18.416-07:00  INFO 14372 --- [olx-resale-app] [http-nio-8081-exec-1] o.s.web.servlet.DispatcherServlet        : Completed initialization in 3 ms
2025-10-03T23:19:54.043-07:00  INFO 14372 --- [olx-resale-app] [SpringApplicationShutdownHook] j.LocalContainerEntityManagerFactoryBean : Closing JPA EntityManagerFactory for persistence unit 'default'
2025-10-03T23:19:54.047-07:00  INFO 14372 --- [olx-resale-app] [SpringApplicationShutdownHook] com.zaxxer.hikari.HikariDataSource       : HikariPool-1 - Shutdown initiated...
2025-10-03T23:19:54.066-07:00  INFO 14372 --- [olx-resale-app] [SpringApplicationShutdownHook] com.zaxxer.hikari.HikariDataSource       : HikariPool-1 - Shutdown completed.
2025-10-03T23:19:58.270-07:00  INFO 12536 --- [olx-resale-app] [main] c.o.OlxResaleAppApplication              : Starting OlxResaleAppApplication using Java 17.0.15 with PID 12536 (C:\Users\JUNE\Desktop\olx\olx-resale-app\olx-resale-app\${project.build.directory}\classes started by JUNE in C:\Users\JUNE\Desktop\olx\olx-resale-app)
2025-10-03T23:19:58.275-07:00 DEBUG 12536 --- [olx-resale-app] [main] c.o.OlxResaleAppApplication              : Running with Spring Boot v3.2.5, Spring v6.1.6
2025-10-03T23:19:58.277-07:00  INFO 12536 --- [olx-resale-app] [main] c.o.OlxResaleAppApplication              : No active profile set, falling back to 1 default profile: "default"
2025-10-03T23:20:00.539-07:00  INFO 12536 --- [olx-resale-app] [main] .s.d.r.c.RepositoryConfigurationDelegate : Bootstrapping Spring Data JPA repositories in DEFAULT mode.
2025-10-03T23:20:00.690-07:00  INFO 12536 --- [olx-resale-app] [main] .s.d.r.c.RepositoryConfigurationDelegate : Finished Spring Data repository scanning in 131 ms. Found 1 JPA repository interface.
2025-10-03T23:20:02.115-07:00  INFO 12536 --- [olx-resale-app] [main] o.s.b.w.embedded.tomcat.TomcatWebServer  : Tomcat initialized with port 8081 (http)
2025-10-03T23:20:02.142-07:00  INFO 12536 --- [olx-resale-app] [main] o.apache.catalina.core.StandardService   : Starting service [Tomcat]
2025-10-03T23:20:02.142-07:00  INFO 12536 --- [olx-resale-app] [main] o.apache.catalina.core.StandardEngine    : Starting Servlet engine: [Apache Tomcat/10.1.20]
2025-10-03T23:20:02.323-07:00  INFO 12536 --- [olx-resale-app] [main] o.a.c.c.C.[Tomcat].[localhost].[/]       : Initializing Spring embedded WebApplicationContext
2025-10-03T23:20:02.324-07:00  INFO 12536 --- [olx-resale-app] [main] w.s.c.ServletWebServerApplicationContext : Root WebApplicationContext: initialization completed in 3785 ms
2025-10-03T23:20:02.715-07:00  INFO 12536 --- [olx-resale-app] [main] o.hibernate.jpa.internal.util.LogHelper  : HHH000204: Processing PersistenceUnitInfo [name: default]
2025-10-03T23:20:02.856-07:00  INFO 12536 --- [olx-resale-app] [main] org.hibernate.Version                    : HHH000412: Hibernate ORM core version 6.4.4.Final
2025-10-03T23:20:02.960-07:00  INFO 12536 --- [olx-resale-app] [main] o.h.c.internal.RegionFactoryInitiator    : HHH000026: Second-level cache disabled
2025-10-03T23:20:03.507-07:00  INFO 12536 --- [olx-resale-app] [main] o.s.o.j.p.SpringPersistenceUnitInfo      : No LoadTimeWeaver setup: ignoring JPA class transformer
2025-10-03T23:20:03.565-07:00  INFO 12536 --- [olx-resale-app] [main] com.zaxxer.hikari.HikariDataSource       : HikariPool-1 - Starting...
2025-10-03T23:20:04.098-07:00  INFO 12536 --- [olx-resale-app] [main] com.zaxxer.hikari.pool.HikariPool        : HikariPool-1 - Added connection com.mysql.cj.jdbc.ConnectionImpl@1ad1b737
2025-10-03T23:20:04.102-07:00  INFO 12536 --- [olx-resale-app] [main] com.zaxxer.hikari.HikariDataSource       : HikariPool-1 - Start completed.
2025-10-03T23:20:05.990-07:00  INFO 12536 --- [olx-resale-app] [main] o.h.e.t.j.p.i.JtaPlatformInitiator       : HHH000489: No JTA platform available (set 'hibernate.transaction.jta.platform' to enable JTA platform integration)
2025-10-03T23:20:06.096-07:00  INFO 12536 --- [olx-resale-app] [main] j.LocalContainerEntityManagerFactoryBean : Initialized JPA EntityManagerFactory for persistence unit 'default'
2025-10-03T23:20:06.753-07:00  WARN 12536 --- [olx-resale-app] [main] JpaBaseConfiguration$JpaWebConfiguration : spring.jpa.open-in-view is enabled by default. Therefore, database queries may be performed during view rendering. Explicitly configure spring.jpa.open-in-view to disable this warning
2025-10-03T23:20:07.067-07:00 DEBUG 12536 --- [olx-resale-app] [main] c.o.configuration.JwtAuthFilter          : Filter 'jwtAuthFilter' configured for use
2025-10-03T23:20:07.607-07:00  INFO 12536 --- [olx-resale-app] [main] o.s.s.web.DefaultSecurityFilterChain     : Will secure any request with [org.springframework.security.web.session.DisableEncodeUrlFilter@51d26fed, org.springframework.security.web.context.request.async.WebAsyncManagerIntegrationFilter@6779959d, org.springframework.security.web.context.SecurityContextHolderFilter@72e5206, org.springframework.security.web.header.HeaderWriterFilter@281d3ce7, org.springframework.web.filter.CorsFilter@335a45a8, org.springframework.security.web.authentication.logout.LogoutFilter@650997b0, org.springframework.security.web.savedrequest.RequestCacheAwareFilter@37f75ebf, org.springframework.security.web.servletapi.SecurityContextHolderAwareRequestFilter@569b3009, org.springframework.security.web.authentication.AnonymousAuthenticationFilter@294c36b9, org.springframework.security.web.access.ExceptionTranslationFilter@5e528476, com.olx_resale_app.configuration.JwtAuthFilter@60e5db1d, org.springframework.security.web.access.intercept.AuthorizationFilter@30b0d5a7]
2025-10-03T23:20:08.084-07:00  INFO 12536 --- [olx-resale-app] [main] o.s.b.w.embedded.tomcat.TomcatWebServer  : Tomcat started on port 8081 (http) with context path ''
2025-10-03T23:20:08.103-07:00  INFO 12536 --- [olx-resale-app] [main] c.o.OlxResaleAppApplication              : Started OlxResaleAppApplication in 10.763 seconds (process running for 11.629)
2025-10-03T23:20:46.077-07:00  INFO 12536 --- [olx-resale-app] [http-nio-8081-exec-1] o.a.c.c.C.[Tomcat].[localhost].[/]       : Initializing Spring DispatcherServlet 'dispatcherServlet'
2025-10-03T23:20:46.078-07:00  INFO 12536 --- [olx-resale-app] [http-nio-8081-exec-1] o.s.web.servlet.DispatcherServlet        : Initializing Servlet 'dispatcherServlet'
2025-10-03T23:20:46.080-07:00  INFO 12536 --- [olx-resale-app] [http-nio-8081-exec-1] o.s.web.servlet.DispatcherServlet        : Completed initialization in 2 ms
2025-10-03T23:20:47.451-07:00  INFO 12536 --- [olx-resale-app] [http-nio-8081-exec-9] o.springdoc.api.AbstractOpenApiResource  : Init duration for springdoc-openapi is: 742 ms
2025-10-03T23:31:19.801-07:00  INFO 12536 --- [olx-resale-app] [SpringApplicationShutdownHook] j.LocalContainerEntityManagerFactoryBean : Closing JPA EntityManagerFactory for persistence unit 'default'
2025-10-03T23:31:19.816-07:00  INFO 12536 --- [olx-resale-app] [SpringApplicationShutdownHook] com.zaxxer.hikari.HikariDataSource       : HikariPool-1 - Shutdown initiated...
2025-10-03T23:31:19.882-07:00  INFO 12536 --- [olx-resale-app] [SpringApplicationShutdownHook] com.zaxxer.hikari.HikariDataSource       : HikariPool-1 - Shutdown completed.
2025-10-03T23:31:33.934-07:00  INFO 1936 --- [olx-resale-app] [main] c.o.OlxResaleAppApplication              : Starting OlxResaleAppApplication using Java 17.0.15 with PID 1936 (C:\Users\JUNE\Desktop\olx\olx-resale-app\olx-resale-app\${project.build.directory}\classes started by JUNE in C:\Users\JUNE\Desktop\olx\olx-resale-app)
2025-10-03T23:31:33.937-07:00 DEBUG 1936 --- [olx-resale-app] [main] c.o.OlxResaleAppApplication              : Running with Spring Boot v3.2.5, Spring v6.1.6
2025-10-03T23:31:33.941-07:00  INFO 1936 --- [olx-resale-app] [main] c.o.OlxResaleAppApplication              : No active profile set, falling back to 1 default profile: "default"
2025-10-03T23:31:37.495-07:00  INFO 1936 --- [olx-resale-app] [main] .s.d.r.c.RepositoryConfigurationDelegate : Bootstrapping Spring Data JPA repositories in DEFAULT mode.
2025-10-03T23:31:37.741-07:00  INFO 1936 --- [olx-resale-app] [main] .s.d.r.c.RepositoryConfigurationDelegate : Finished Spring Data repository scanning in 212 ms. Found 1 JPA repository interface.
2025-10-03T23:31:40.249-07:00  INFO 1936 --- [olx-resale-app] [main] o.s.b.w.embedded.tomcat.TomcatWebServer  : Tomcat initialized with port 8081 (http)
2025-10-03T23:31:40.306-07:00  INFO 1936 --- [olx-resale-app] [main] o.apache.catalina.core.StandardService   : Starting service [Tomcat]
2025-10-03T23:31:40.307-07:00  INFO 1936 --- [olx-resale-app] [main] o.apache.catalina.core.StandardEngine    : Starting Servlet engine: [Apache Tomcat/10.1.20]
2025-10-03T23:31:40.532-07:00  INFO 1936 --- [olx-resale-app] [main] o.a.c.c.C.[Tomcat].[localhost].[/]       : Initializing Spring embedded WebApplicationContext
2025-10-03T23:31:40.535-07:00  INFO 1936 --- [olx-resale-app] [main] w.s.c.ServletWebServerApplicationContext : Root WebApplicationContext: initialization completed in 6432 ms
2025-10-03T23:31:41.440-07:00  INFO 1936 --- [olx-resale-app] [main] o.hibernate.jpa.internal.util.LogHelper  : HHH000204: Processing PersistenceUnitInfo [name: default]
2025-10-03T23:31:42.029-07:00  INFO 1936 --- [olx-resale-app] [main] org.hibernate.Version                    : HHH000412: Hibernate ORM core version 6.4.4.Final
2025-10-03T23:31:42.335-07:00  INFO 1936 --- [olx-resale-app] [main] o.h.c.internal.RegionFactoryInitiator    : HHH000026: Second-level cache disabled
2025-10-03T23:31:43.226-07:00  INFO 1936 --- [olx-resale-app] [main] o.s.o.j.p.SpringPersistenceUnitInfo      : No LoadTimeWeaver setup: ignoring JPA class transformer
2025-10-03T23:31:43.409-07:00  INFO 1936 --- [olx-resale-app] [main] com.zaxxer.hikari.HikariDataSource       : HikariPool-1 - Starting...
2025-10-03T23:31:44.928-07:00  INFO 1936 --- [olx-resale-app] [main] com.zaxxer.hikari.pool.HikariPool        : HikariPool-1 - Added connection com.mysql.cj.jdbc.ConnectionImpl@f810c18
2025-10-03T23:31:44.949-07:00  INFO 1936 --- [olx-resale-app] [main] com.zaxxer.hikari.HikariDataSource       : HikariPool-1 - Start completed.
2025-10-03T23:31:48.102-07:00  INFO 1936 --- [olx-resale-app] [main] o.h.e.t.j.p.i.JtaPlatformInitiator       : HHH000489: No JTA platform available (set 'hibernate.transaction.jta.platform' to enable JTA platform integration)
2025-10-03T23:31:50.457-07:00  INFO 1936 --- [olx-resale-app] [main] j.LocalContainerEntityManagerFactoryBean : Initialized JPA EntityManagerFactory for persistence unit 'default'
2025-10-03T23:31:52.605-07:00  WARN 1936 --- [olx-resale-app] [main] JpaBaseConfiguration$JpaWebConfiguration : spring.jpa.open-in-view is enabled by default. Therefore, database queries may be performed during view rendering. Explicitly configure spring.jpa.open-in-view to disable this warning
2025-10-03T23:31:53.275-07:00 DEBUG 1936 --- [olx-resale-app] [main] c.o.configuration.JwtAuthFilter          : Filter 'jwtAuthFilter' configured for use
2025-10-03T23:31:54.898-07:00  INFO 1936 --- [olx-resale-app] [main] o.s.s.web.DefaultSecurityFilterChain     : Will secure any request with [org.springframework.security.web.session.DisableEncodeUrlFilter@6779959d, org.springframework.security.web.context.request.async.WebAsyncManagerIntegrationFilter@335a45a8, org.springframework.security.web.context.SecurityContextHolderFilter@4615bc00, org.springframework.security.web.header.HeaderWriterFilter@fdfd984, org.springframework.web.filter.CorsFilter@294c36b9, org.springframework.security.web.authentication.logout.LogoutFilter@7337f87e, org.springframework.security.web.savedrequest.RequestCacheAwareFilter@569b3009, org.springframework.security.web.servletapi.SecurityContextHolderAwareRequestFilter@23d0f6be, org.springframework.security.web.authentication.AnonymousAuthenticationFilter@6b23897a, org.springframework.security.web.access.ExceptionTranslationFilter@56728f48, com.olx_resale_app.configuration.JwtAuthFilter@60e5db1d, org.springframework.security.web.access.intercept.AuthorizationFilter@31ecb361]
2025-10-03T23:31:55.796-07:00  INFO 1936 --- [olx-resale-app] [main] o.s.b.w.embedded.tomcat.TomcatWebServer  : Tomcat started on port 8081 (http) with context path ''
2025-10-03T23:31:55.819-07:00  INFO 1936 --- [olx-resale-app] [main] c.o.OlxResaleAppApplication              : Started OlxResaleAppApplication in 23.376 seconds (process running for 24.852)
2025-10-03T23:32:47.771-07:00  INFO 1936 --- [olx-resale-app] [http-nio-8081-exec-3] o.a.c.c.C.[Tomcat].[localhost].[/]       : Initializing Spring DispatcherServlet 'dispatcherServlet'
2025-10-03T23:32:47.775-07:00  INFO 1936 --- [olx-resale-app] [http-nio-8081-exec-3] o.s.web.servlet.DispatcherServlet        : Initializing Servlet 'dispatcherServlet'
2025-10-03T23:32:47.777-07:00  INFO 1936 --- [olx-resale-app] [http-nio-8081-exec-3] o.s.web.servlet.DispatcherServlet        : Completed initialization in 2 ms
